C:\Users\awolfe.BLIZZARD\Desktop\glfw-3.1.1\src\Debug\glfw3.lib
C:\Users\awolfe.BLIZZARD\Desktop\WebGL\GLFW\glfw-3.1.1\src\glfw.dir\Debug\context.obj
C:\Users\awolfe.BLIZZARD\Desktop\WebGL\GLFW\glfw-3.1.1\src\glfw.dir\Debug\init.obj
C:\Users\awolfe.BLIZZARD\Desktop\WebGL\GLFW\glfw-3.1.1\src\glfw.dir\Debug\input.obj
C:\Users\awolfe.BLIZZARD\Desktop\WebGL\GLFW\glfw-3.1.1\src\glfw.dir\Debug\monitor.obj
C:\Users\awolfe.BLIZZARD\Desktop\WebGL\GLFW\glfw-3.1.1\src\glfw.dir\Debug\vc120.idb
C:\Users\awolfe.BLIZZARD\Desktop\WebGL\GLFW\glfw-3.1.1\src\glfw.dir\Debug\vc120.pdb
C:\Users\awolfe.BLIZZARD\Desktop\WebGL\GLFW\glfw-3.1.1\src\glfw.dir\Debug\vc120_ib_1.pdb
C:\Users\awolfe.BLIZZARD\Desktop\WebGL\GLFW\glfw-3.1.1\src\glfw.dir\Debug\vc120_ib_11.pdb
C:\Users\awolfe.BLIZZARD\Desktop\WebGL\GLFW\glfw-3.1.1\src\glfw.dir\Debug\vc120_ib_2.pdb
C:\Users\awolfe.BLIZZARD\Desktop\WebGL\GLFW\glfw-3.1.1\src\glfw.dir\Debug\vc120_ib_3.pdb
C:\Users\awolfe.BLIZZARD\Desktop\WebGL\GLFW\glfw-3.1.1\src\glfw.dir\Debug\vc120_ib_4.pdb
C:\Users\awolfe.BLIZZARD\Desktop\WebGL\GLFW\glfw-3.1.1\src\glfw.dir\Debug\vc120_ib_5.pdb
C:\Users\awolfe.BLIZZARD\Desktop\WebGL\GLFW\glfw-3.1.1\src\glfw.dir\Debug\vc120_ib_6.pdb
C:\Users\awolfe.BLIZZARD\Desktop\WebGL\GLFW\glfw-3.1.1\src\glfw.dir\Debug\vc120_ib_7.pdb
C:\Users\awolfe.BLIZZARD\Desktop\WebGL\GLFW\glfw-3.1.1\src\glfw.dir\Debug\vc120_ib_8.pdb
C:\Users\awolfe.BLIZZARD\Desktop\WebGL\GLFW\glfw-3.1.1\src\glfw.dir\Debug\wgl_context.obj
C:\Users\awolfe.BLIZZARD\Desktop\WebGL\GLFW\glfw-3.1.1\src\glfw.dir\Debug\win32_init.obj
C:\Users\awolfe.BLIZZARD\Desktop\WebGL\GLFW\glfw-3.1.1\src\glfw.dir\Debug\win32_monitor.obj
C:\Users\awolfe.BLIZZARD\Desktop\WebGL\GLFW\glfw-3.1.1\src\glfw.dir\Debug\win32_time.obj
C:\Users\awolfe.BLIZZARD\Desktop\WebGL\GLFW\glfw-3.1.1\src\glfw.dir\Debug\win32_tls.obj
C:\Users\awolfe.BLIZZARD\Desktop\WebGL\GLFW\glfw-3.1.1\src\glfw.dir\Debug\win32_window.obj
C:\Users\awolfe.BLIZZARD\Desktop\WebGL\GLFW\glfw-3.1.1\src\glfw.dir\Debug\window.obj
C:\Users\awolfe.BLIZZARD\Desktop\WebGL\GLFW\glfw-3.1.1\src\glfw.dir\Debug\winmm_joystick.obj
